<?xml version="1.0" encoding="UTF-8"?>
<!-- Generated by org.testng.reporters.JUnitReportReporter -->
<testsuite hostname="Shubham" failures="0" tests="4" name="testCases.TC_LoginDDT" time="88.565" errors="0" timestamp="2025-01-02T23:57:51 IST" skipped="0">
  <testcase classname="testCases.TC_LoginDDT" name="verify_loginDDT" time="2.555"/>
  <testcase classname="testCases.TC_LoginDDT" name="verify_loginDDT" time="41.641"/>
  <testcase classname="testCases.TC_LoginDDT" name="verify_loginDDT" time="2.922"/>
  <testcase classname="testCases.TC_LoginDDT" name="verify_loginDDT" time="41.447"/>
</testsuite> <!-- testCases.TC_LoginDDT -->
