<?xml version="1.0" encoding="UTF-8"?>
<!-- Generated by org.testng.reporters.JUnitReportReporter -->
<testsuite hostname="Shubham" failures="0" tests="1" name="testCases.TC_AccountRegistrationTest" time="2.922" errors="0" timestamp="2025-01-03T17:37:15 IST" skipped="0">
  <testcase classname="testCases.TC_AccountRegistrationTest" name="verify_account_registration" time="2.922"/>
</testsuite> <!-- testCases.TC_AccountRegistrationTest -->
