<?xml version="1.0" encoding="UTF-8"?>
<!-- Generated by org.testng.reporters.JUnitReportReporter -->
<testsuite hostname="Shubham" failures="0" tests="1" name="testCases.TC_LoginTest" time="1.772" errors="0" timestamp="2025-01-03T18:24:18 IST" skipped="0">
  <testcase classname="testCases.TC_LoginTest" name="verify_login" time="1.772"/>
</testsuite> <!-- testCases.TC_LoginTest -->
